<?xml version="1.0" encoding="UTF-8" ?>
<testsuite failures="1" time="0.217" errors="0" skipped="0" tests="10" name="com.pdmfc.tea.runtime.TeaRuntimeTest">
  <properties>
    <property name="java.runtime.name" value="Java(TM) SE Runtime Environment"/>
    <property name="sun.boot.library.path" value="/usr/java/jdk1.6.0_25/jre/lib/i386"/>
    <property name="java.vm.version" value="20.0-b11"/>
    <property name="java.vm.vendor" value="Sun Microsystems Inc."/>
    <property name="java.vendor.url" value="http://java.sun.com/"/>
    <property name="path.separator" value=":"/>
    <property name="java.vm.name" value="Java HotSpot(TM) Client VM"/>
    <property name="file.encoding.pkg" value="sun.io"/>
    <property name="user.country" value="US"/>
    <property name="sun.java.launcher" value="SUN_STANDARD"/>
    <property name="sun.os.patch.level" value="unknown"/>
    <property name="java.vm.specification.name" value="Java Virtual Machine Specification"/>
    <property name="user.dir" value="/home/jfn/develop/tea"/>
    <property name="java.runtime.version" value="1.6.0_25-b06"/>
    <property name="java.awt.graphicsenv" value="sun.awt.X11GraphicsEnvironment"/>
    <property name="basedir" value="/home/jfn/develop/tea"/>
    <property name="java.endorsed.dirs" value="/usr/java/jdk1.6.0_25/jre/lib/endorsed"/>
    <property name="os.arch" value="i386"/>
    <property name="java.io.tmpdir" value="/tmp"/>
    <property name="line.separator" value="
"/>
    <property name="java.vm.specification.vendor" value="Sun Microsystems Inc."/>
    <property name="os.name" value="Linux"/>
    <property name="sun.jnu.encoding" value="UTF-8"/>
    <property name="java.library.path" value="/usr/java/jdk1.6.0_25/jre/lib/i386/client:/usr/java/jdk1.6.0_25/jre/lib/i386:/usr/java/jdk1.6.0_25/jre/../lib/i386:/usr/java/packages/lib/i386:/lib:/usr/lib"/>
    <property name="surefire.test.class.path" value="/home/jfn/develop/tea/target/test-classes:/home/jfn/develop/tea/target/classes:/home/jfn/.m2/repository/junit/junit/4.8.2/junit-4.8.2.jar:"/>
    <property name="java.specification.name" value="Java Platform API Specification"/>
    <property name="java.class.version" value="50.0"/>
    <property name="sun.management.compiler" value="HotSpot Client Compiler"/>
    <property name="os.version" value="2.6.32.23-170.fc12.i686.PAE"/>
    <property name="user.home" value="/home/jfn"/>
    <property name="user.timezone" value=""/>
    <property name="java.awt.printerjob" value="sun.print.PSPrinterJob"/>
    <property name="file.encoding" value="UTF-8"/>
    <property name="java.specification.version" value="1.6"/>
    <property name="user.name" value="jfn"/>
    <property name="java.class.path" value="/home/jfn/.m2/repository/org/apache/maven/surefire/surefire-booter/2.8/surefire-booter-2.8.jar:/home/jfn/.m2/repository/org/apache/maven/surefire/surefire-api/2.8/surefire-api-2.8.jar"/>
    <property name="java.vm.specification.version" value="1.0"/>
    <property name="sun.arch.data.model" value="32"/>
    <property name="java.home" value="/usr/java/jdk1.6.0_25/jre"/>
    <property name="sun.java.command" value="org.apache.maven.surefire.booter.ForkedBooter /home/jfn/develop/tea/target/surefire/surefire1013986788995989775tmp /home/jfn/develop/tea/target/surefire/surefire41564953213223695tmp"/>
    <property name="java.specification.vendor" value="Sun Microsystems Inc."/>
    <property name="user.language" value="en"/>
    <property name="java.vm.info" value="mixed mode, sharing"/>
    <property name="java.version" value="1.6.0_25"/>
    <property name="java.ext.dirs" value="/usr/java/jdk1.6.0_25/jre/lib/ext:/usr/java/packages/lib/ext"/>
    <property name="sun.boot.class.path" value="/usr/java/jdk1.6.0_25/jre/lib/resources.jar:/usr/java/jdk1.6.0_25/jre/lib/rt.jar:/usr/java/jdk1.6.0_25/jre/lib/sunrsasign.jar:/usr/java/jdk1.6.0_25/jre/lib/jsse.jar:/usr/java/jdk1.6.0_25/jre/lib/jce.jar:/usr/java/jdk1.6.0_25/jre/lib/charsets.jar:/usr/java/jdk1.6.0_25/jre/lib/modules/jdk.boot.jar:/usr/java/jdk1.6.0_25/jre/classes"/>
    <property name="java.vendor" value="Sun Microsystems Inc."/>
    <property name="localRepository" value="/home/jfn/.m2/repository"/>
    <property name="file.separator" value="/"/>
    <property name="java.vendor.url.bug" value="http://java.sun.com/cgi-bin/bugreport.cgi"/>
    <property name="sun.cpu.endian" value="little"/>
    <property name="sun.io.unicode.encoding" value="UnicodeLittle"/>
    <property name="sun.cpu.isalist" value=""/>
  </properties>
  <testcase time="0.043" classname="com.pdmfc.tea.runtime.TeaRuntimeTest" name="startAndStop"/>
  <testcase time="0.001" classname="com.pdmfc.tea.runtime.TeaRuntimeTest" name="startTwice"/>
  <testcase time="0.001" classname="com.pdmfc.tea.runtime.TeaRuntimeTest" name="stopWithoutStart"/>
  <testcase time="0.001" classname="com.pdmfc.tea.runtime.TeaRuntimeTest" name="stopTwice"/>
  <testcase time="0" classname="com.pdmfc.tea.runtime.TeaRuntimeTest" name="endWithoutStart"/>
  <testcase time="0" classname="com.pdmfc.tea.runtime.TeaRuntimeTest" name="endTwice"/>
  <testcase time="0.001" classname="com.pdmfc.tea.runtime.TeaRuntimeTest" name="endAfterStart"/>
  <testcase time="0.001" classname="com.pdmfc.tea.runtime.TeaRuntimeTest" name="endAfterStop"/>
  <testcase time="0.009" classname="com.pdmfc.tea.runtime.TeaRuntimeTest" name="demoTest">
    <failure message="Demo failure..." type="java.lang.AssertionError">java.lang.AssertionError: Demo failure...
	at org.junit.Assert.fail(Assert.java:91)
	at com.pdmfc.tea.runtime.TeaRuntimeTest.demoTest(TeaRuntimeTest.java:157)
	at sun.reflect.NativeMethodAccessorImpl.invoke0(Native Method)
	at sun.reflect.NativeMethodAccessorImpl.invoke(NativeMethodAccessorImpl.java:39)
	at sun.reflect.DelegatingMethodAccessorImpl.invoke(DelegatingMethodAccessorImpl.java:25)
	at java.lang.reflect.Method.invoke(Method.java:597)
	at org.junit.runners.model.FrameworkMethod$1.runReflectiveCall(FrameworkMethod.java:44)
	at org.junit.internal.runners.model.ReflectiveCallable.run(ReflectiveCallable.java:15)
	at org.junit.runners.model.FrameworkMethod.invokeExplosively(FrameworkMethod.java:41)
	at org.junit.internal.runners.statements.InvokeMethod.evaluate(InvokeMethod.java:20)
	at org.junit.internal.runners.statements.RunBefores.evaluate(RunBefores.java:28)
	at org.junit.internal.runners.statements.RunAfters.evaluate(RunAfters.java:31)
	at org.junit.runners.BlockJUnit4ClassRunner.runNotIgnored(BlockJUnit4ClassRunner.java:79)
	at org.junit.runners.BlockJUnit4ClassRunner.runChild(BlockJUnit4ClassRunner.java:71)
	at org.junit.runners.BlockJUnit4ClassRunner.runChild(BlockJUnit4ClassRunner.java:49)
	at org.junit.runners.ParentRunner$3.run(ParentRunner.java:193)
	at org.junit.runners.ParentRunner$1.schedule(ParentRunner.java:52)
	at org.junit.runners.ParentRunner.runChildren(ParentRunner.java:191)
	at org.junit.runners.ParentRunner.access$000(ParentRunner.java:42)
	at org.junit.runners.ParentRunner$2.evaluate(ParentRunner.java:184)
	at org.junit.runners.ParentRunner.run(ParentRunner.java:236)
	at org.apache.maven.surefire.junit4.JUnit4TestSet.execute(JUnit4TestSet.java:53)
	at org.apache.maven.surefire.junit4.JUnit4Provider.executeTestSet(JUnit4Provider.java:119)
	at org.apache.maven.surefire.junit4.JUnit4Provider.invoke(JUnit4Provider.java:101)
	at sun.reflect.NativeMethodAccessorImpl.invoke0(Native Method)
	at sun.reflect.NativeMethodAccessorImpl.invoke(NativeMethodAccessorImpl.java:39)
	at sun.reflect.DelegatingMethodAccessorImpl.invoke(DelegatingMethodAccessorImpl.java:25)
	at java.lang.reflect.Method.invoke(Method.java:597)
	at org.apache.maven.surefire.booter.ProviderFactory$ClassLoaderProxy.invoke(ProviderFactory.java:103)
	at $Proxy0.invoke(Unknown Source)
	at org.apache.maven.surefire.booter.SurefireStarter.invokeProvider(SurefireStarter.java:150)
	at org.apache.maven.surefire.booter.SurefireStarter.runSuitesInProcess(SurefireStarter.java:91)
	at org.apache.maven.surefire.booter.ForkedBooter.main(ForkedBooter.java:69)
</failure>
  </testcase>
  <testcase time="0" classname="com.pdmfc.tea.runtime.TeaRuntimeTest" name="create"/>
</testsuite>